------ A C C E S S ------
Petición de acceso: HEAD /index.html
IP cliente: /127.0.0.1
Fecha y hora de petición: Fri Mar 11 19:29:22 CET 2022
Código de estado: 200
Tamaño: 216 byte(s)
-------------------------

------ A C C E S S ------
Petición de acceso: GET /index.html
IP cliente: /127.0.0.1
Fecha y hora de petición: Fri Mar 11 19:29:44 CET 2022
Código de estado: 200
Tamaño: 216 byte(s)
-------------------------

------ A C C E S S ------
Petición de acceso: GET /index.html
IP cliente: /127.0.0.1
Fecha y hora de petición: Fri Mar 11 19:29:44 CET 2022
Código de estado: 200
Tamaño: 216 byte(s)
-------------------------

------ A C C E S S ------
Petición de acceso: GET /fic.png
IP cliente: /127.0.0.1
Fecha y hora de petición: Fri Mar 11 19:29:44 CET 2022
Código de estado: 200
Tamaño: 13320 byte(s)
-------------------------

------ A C C E S S ------
Petición de acceso: GET /LICENSE.txt
IP cliente: /127.0.0.1
Fecha y hora de petición: Fri Mar 11 19:29:44 CET 2022
Código de estado: 200
Tamaño: 579 byte(s)
-------------------------

------ A C C E S S ------
Petición de acceso: HEAD /index.html
IP cliente: /127.0.0.1
Fecha y hora de petición: Fri Mar 11 19:29:44 CET 2022
Código de estado: 200
Tamaño: 216 byte(s)
-------------------------

------ A C C E S S ------
Petición de acceso: HEAD /udc.gif
IP cliente: /127.0.0.1
Fecha y hora de petición: Fri Mar 11 19:29:44 CET 2022
Código de estado: 200
Tamaño: 4250 byte(s)
-------------------------

------ A C C E S S ------
Petición de acceso: GET /index.html
IP cliente: /127.0.0.1
Fecha y hora de petición: Fri Mar 11 19:29:44 CET 2022
Código de estado: 200
Tamaño: 216 byte(s)
-------------------------

------ A C C E S S ------
Petición de acceso: GET /index.html
IP cliente: /127.0.0.1
Fecha y hora de petición: Fri Mar 11 19:29:44 CET 2022
Código de estado: 200
Tamaño: 216 byte(s)
-------------------------

------ A C C E S S ------
Petición de acceso: GET /index.html
IP cliente: /127.0.0.1
Fecha y hora de petición: Fri Mar 11 19:34:26 CET 2022
Código de estado: 200
Tamaño: 216 byte(s)
-------------------------

------ A C C E S S ------
Petición de acceso: GET /index.html
IP cliente: /127.0.0.1
Fecha y hora de petición: Fri Mar 11 19:34:26 CET 2022
Código de estado: 200
Tamaño: 216 byte(s)
-------------------------

------ A C C E S S ------
Petición de acceso: GET /fic.png
IP cliente: /127.0.0.1
Fecha y hora de petición: Fri Mar 11 19:34:26 CET 2022
Código de estado: 200
Tamaño: 13320 byte(s)
-------------------------

------ A C C E S S ------
Petición de acceso: GET /LICENSE.txt
IP cliente: /127.0.0.1
Fecha y hora de petición: Fri Mar 11 19:34:26 CET 2022
Código de estado: 200
Tamaño: 579 byte(s)
-------------------------

------ A C C E S S ------
Petición de acceso: HEAD /index.html
IP cliente: /127.0.0.1
Fecha y hora de petición: Fri Mar 11 19:34:26 CET 2022
Código de estado: 200
Tamaño: 216 byte(s)
-------------------------

------ A C C E S S ------
Petición de acceso: HEAD /udc.gif
IP cliente: /127.0.0.1
Fecha y hora de petición: Fri Mar 11 19:34:26 CET 2022
Código de estado: 200
Tamaño: 4250 byte(s)
-------------------------

------ A C C E S S ------
Petición de acceso: GET /index.html
IP cliente: /127.0.0.1
Fecha y hora de petición: Fri Mar 11 19:34:26 CET 2022
Código de estado: 200
Tamaño: 216 byte(s)
-------------------------

------ A C C E S S ------
Petición de acceso:  /index.html
IP cliente: /127.0.0.1
Fecha y hora de petición: Fri Mar 11 19:34:26 CET 2022
Código de estado: 304
Tamaño: 104 byte(s)
-------------------------

------ A C C E S S ------
Petición de acceso: GET /index.html
IP cliente: /127.0.0.1
Fecha y hora de petición: Fri Mar 11 19:38:15 CET 2022
Código de estado: 200
Tamaño: 216 byte(s)
-------------------------

------ A C C E S S ------
Petición de acceso: GET /index.html
IP cliente: /127.0.0.1
Fecha y hora de petición: Fri Mar 11 19:38:15 CET 2022
Código de estado: 200
Tamaño: 216 byte(s)
-------------------------

------ A C C E S S ------
Petición de acceso: GET /fic.png
IP cliente: /127.0.0.1
Fecha y hora de petición: Fri Mar 11 19:38:15 CET 2022
Código de estado: 200
Tamaño: 13320 byte(s)
-------------------------

------ A C C E S S ------
Petición de acceso: GET /LICENSE.txt
IP cliente: /127.0.0.1
Fecha y hora de petición: Fri Mar 11 19:38:15 CET 2022
Código de estado: 200
Tamaño: 579 byte(s)
-------------------------

------ A C C E S S ------
Petición de acceso: HEAD /index.html
IP cliente: /127.0.0.1
Fecha y hora de petición: Fri Mar 11 19:38:15 CET 2022
Código de estado: 200
Tamaño: 216 byte(s)
-------------------------

------ A C C E S S ------
Petición de acceso: HEAD /udc.gif
IP cliente: /127.0.0.1
Fecha y hora de petición: Fri Mar 11 19:38:15 CET 2022
Código de estado: 200
Tamaño: 4250 byte(s)
-------------------------

------ A C C E S S ------
Petición de acceso: GET /index.html
IP cliente: /127.0.0.1
Fecha y hora de petición: Fri Mar 11 19:38:15 CET 2022
Código de estado: 200
Tamaño: 216 byte(s)
-------------------------

------ A C C E S S ------
Petición de acceso:  /index.html
IP cliente: /127.0.0.1
Fecha y hora de petición: Fri Mar 11 19:38:16 CET 2022
Código de estado: 304
Tamaño: 104 byte(s)
-------------------------

------ A C C E S S ------
Petición de acceso: GET /index.html
IP cliente: /127.0.0.1
Fecha y hora de petición: Fri Mar 11 19:40:11 CET 2022
Código de estado: 200
Tamaño: 216 byte(s)
-------------------------

------ A C C E S S ------
Petición de acceso: GET /index.html
IP cliente: /127.0.0.1
Fecha y hora de petición: Fri Mar 11 19:40:11 CET 2022
Código de estado: 200
Tamaño: 216 byte(s)
-------------------------

------ A C C E S S ------
Petición de acceso: GET /fic.png
IP cliente: /127.0.0.1
Fecha y hora de petición: Fri Mar 11 19:40:11 CET 2022
Código de estado: 200
Tamaño: 13320 byte(s)
-------------------------

------ A C C E S S ------
Petición de acceso: GET /LICENSE.txt
IP cliente: /127.0.0.1
Fecha y hora de petición: Fri Mar 11 19:40:11 CET 2022
Código de estado: 200
Tamaño: 579 byte(s)
-------------------------

------ A C C E S S ------
Petición de acceso: HEAD /index.html
IP cliente: /127.0.0.1
Fecha y hora de petición: Fri Mar 11 19:40:11 CET 2022
Código de estado: 200
Tamaño: 216 byte(s)
-------------------------

------ A C C E S S ------
Petición de acceso: HEAD /udc.gif
IP cliente: /127.0.0.1
Fecha y hora de petición: Fri Mar 11 19:40:11 CET 2022
Código de estado: 200
Tamaño: 4250 byte(s)
-------------------------

------ A C C E S S ------
Petición de acceso: GET /index.html
IP cliente: /127.0.0.1
Fecha y hora de petición: Fri Mar 11 19:40:11 CET 2022
Código de estado: 200
Tamaño: 216 byte(s)
-------------------------

------ A C C E S S ------
Petición de acceso:  /index.html
IP cliente: /127.0.0.1
Fecha y hora de petición: Fri Mar 11 19:40:11 CET 2022
Código de estado: 304
Tamaño: 104 byte(s)
-------------------------

------ A C C E S S ------
Petición de acceso: GET /index.html
IP cliente: /127.0.0.1
Fecha y hora de petición: Fri Mar 11 19:42:04 CET 2022
Código de estado: 200
Tamaño: 216 byte(s)
-------------------------

------ A C C E S S ------
Petición de acceso: GET /index.html
IP cliente: /127.0.0.1
Fecha y hora de petición: Fri Mar 11 19:42:04 CET 2022
Código de estado: 200
Tamaño: 216 byte(s)
-------------------------

------ A C C E S S ------
Petición de acceso: GET /fic.png
IP cliente: /127.0.0.1
Fecha y hora de petición: Fri Mar 11 19:42:04 CET 2022
Código de estado: 200
Tamaño: 13320 byte(s)
-------------------------

------ A C C E S S ------
Petición de acceso: GET /LICENSE.txt
IP cliente: /127.0.0.1
Fecha y hora de petición: Fri Mar 11 19:42:04 CET 2022
Código de estado: 200
Tamaño: 579 byte(s)
-------------------------

------ A C C E S S ------
Petición de acceso: HEAD /index.html
IP cliente: /127.0.0.1
Fecha y hora de petición: Fri Mar 11 19:42:04 CET 2022
Código de estado: 200
Tamaño: 216 byte(s)
-------------------------

------ A C C E S S ------
Petición de acceso: HEAD /udc.gif
IP cliente: /127.0.0.1
Fecha y hora de petición: Fri Mar 11 19:42:04 CET 2022
Código de estado: 200
Tamaño: 4250 byte(s)
-------------------------

------ A C C E S S ------
Petición de acceso: GET /index.html
IP cliente: /127.0.0.1
Fecha y hora de petición: Fri Mar 11 19:42:04 CET 2022
Código de estado: 200
Tamaño: 216 byte(s)
-------------------------

------ A C C E S S ------
Petición de acceso:  /index.html
IP cliente: /127.0.0.1
Fecha y hora de petición: Fri Mar 11 19:42:05 CET 2022
Código de estado: 304
Tamaño: 104 byte(s)
-------------------------

------ A C C E S S ------
Petición de acceso: GET /index.html
IP cliente: /127.0.0.1
Fecha y hora de petición: Fri Mar 11 20:06:06 CET 2022
Código de estado: 200
Tamaño: 216 byte(s)
-------------------------

------ A C C E S S ------
Petición de acceso: GET /index.html
IP cliente: /127.0.0.1
Fecha y hora de petición: Fri Mar 11 20:06:06 CET 2022
Código de estado: 200
Tamaño: 216 byte(s)
-------------------------

------ A C C E S S ------
Petición de acceso: GET /fic.png
IP cliente: /127.0.0.1
Fecha y hora de petición: Fri Mar 11 20:06:06 CET 2022
Código de estado: 200
Tamaño: 13320 byte(s)
-------------------------

------ A C C E S S ------
Petición de acceso: GET /LICENSE.txt
IP cliente: /127.0.0.1
Fecha y hora de petición: Fri Mar 11 20:06:06 CET 2022
Código de estado: 200
Tamaño: 579 byte(s)
-------------------------

------ A C C E S S ------
Petición de acceso: HEAD /index.html
IP cliente: /127.0.0.1
Fecha y hora de petición: Fri Mar 11 20:06:06 CET 2022
Código de estado: 200
Tamaño: 216 byte(s)
-------------------------

------ A C C E S S ------
Petición de acceso: HEAD /udc.gif
IP cliente: /127.0.0.1
Fecha y hora de petición: Fri Mar 11 20:06:06 CET 2022
Código de estado: 200
Tamaño: 4250 byte(s)
-------------------------

------ A C C E S S ------
Petición de acceso: GET /index.html
IP cliente: /127.0.0.1
Fecha y hora de petición: Fri Mar 11 20:06:06 CET 2022
Código de estado: 200
Tamaño: 216 byte(s)
-------------------------

------ A C C E S S ------
Petición de acceso:  /index.html
IP cliente: /127.0.0.1
Fecha y hora de petición: Fri Mar 11 20:06:06 CET 2022
Código de estado: 304
Tamaño: 104 byte(s)
-------------------------

------ A C C E S S ------
Petición de acceso: GET /index.html
IP cliente: /127.0.0.1
Fecha y hora de petición: Mon Mar 14 10:37:17 CET 2022
Código de estado: 200
Tamaño: 216 byte(s)
-------------------------

------ A C C E S S ------
Petición de acceso: GET /index.html
IP cliente: /127.0.0.1
Fecha y hora de petición: Mon Mar 14 10:37:17 CET 2022
Código de estado: 200
Tamaño: 216 byte(s)
-------------------------

------ A C C E S S ------
Petición de acceso: GET /fic.png
IP cliente: /127.0.0.1
Fecha y hora de petición: Mon Mar 14 10:37:18 CET 2022
Código de estado: 200
Tamaño: 13320 byte(s)
-------------------------

------ A C C E S S ------
Petición de acceso: GET /LICENSE.txt
IP cliente: /127.0.0.1
Fecha y hora de petición: Mon Mar 14 10:37:18 CET 2022
Código de estado: 200
Tamaño: 579 byte(s)
-------------------------

------ A C C E S S ------
Petición de acceso: HEAD /index.html
IP cliente: /127.0.0.1
Fecha y hora de petición: Mon Mar 14 10:37:18 CET 2022
Código de estado: 200
Tamaño: 216 byte(s)
-------------------------

------ A C C E S S ------
Petición de acceso: HEAD /udc.gif
IP cliente: /127.0.0.1
Fecha y hora de petición: Mon Mar 14 10:37:18 CET 2022
Código de estado: 200
Tamaño: 4250 byte(s)
-------------------------

------ A C C E S S ------
Petición de acceso: GET /index.html
IP cliente: /127.0.0.1
Fecha y hora de petición: Mon Mar 14 10:37:18 CET 2022
Código de estado: 200
Tamaño: 216 byte(s)
-------------------------

------ A C C E S S ------
Petición de acceso:  /index.html
IP cliente: /127.0.0.1
Fecha y hora de petición: Mon Mar 14 10:37:18 CET 2022
Código de estado: 304
Tamaño: 104 byte(s)
-------------------------

------ A C C E S S ------
Petición de acceso:  /index.html
IP cliente: /127.0.0.1
Fecha y hora de petición: Mon Mar 14 10:38:06 CET 2022
Código de estado: 304
Tamaño: 104 byte(s)
-------------------------

------ A C C E S S ------
Petición de acceso: GET /fic.png
IP cliente: /127.0.0.1
Fecha y hora de petición: Mon Mar 14 10:38:13 CET 2022
Código de estado: 200
Tamaño: 13320 byte(s)
-------------------------

------ A C C E S S ------
Petición de acceso: GET /index.html
IP cliente: /127.0.0.1
Fecha y hora de petición: Mon Mar 14 10:38:21 CET 2022
Código de estado: 200
Tamaño: 216 byte(s)
-------------------------

------ A C C E S S ------
Petición de acceso: GET /index.html
IP cliente: /127.0.0.1
Fecha y hora de petición: Mon Mar 14 10:38:21 CET 2022
Código de estado: 200
Tamaño: 216 byte(s)
-------------------------

------ A C C E S S ------
Petición de acceso: GET /fic.png
IP cliente: /127.0.0.1
Fecha y hora de petición: Mon Mar 14 10:38:21 CET 2022
Código de estado: 200
Tamaño: 13320 byte(s)
-------------------------

------ A C C E S S ------
Petición de acceso: GET /LICENSE.txt
IP cliente: /127.0.0.1
Fecha y hora de petición: Mon Mar 14 10:38:21 CET 2022
Código de estado: 200
Tamaño: 579 byte(s)
-------------------------

------ A C C E S S ------
Petición de acceso: HEAD /index.html
IP cliente: /127.0.0.1
Fecha y hora de petición: Mon Mar 14 10:38:21 CET 2022
Código de estado: 200
Tamaño: 216 byte(s)
-------------------------

------ A C C E S S ------
Petición de acceso: HEAD /udc.gif
IP cliente: /127.0.0.1
Fecha y hora de petición: Mon Mar 14 10:38:21 CET 2022
Código de estado: 200
Tamaño: 4250 byte(s)
-------------------------

------ A C C E S S ------
Petición de acceso: GET /index.html
IP cliente: /127.0.0.1
Fecha y hora de petición: Mon Mar 14 10:38:21 CET 2022
Código de estado: 200
Tamaño: 216 byte(s)
-------------------------

------ A C C E S S ------
Petición de acceso:  /index.html
IP cliente: /127.0.0.1
Fecha y hora de petición: Mon Mar 14 10:38:21 CET 2022
Código de estado: 304
Tamaño: 104 byte(s)
-------------------------

------ A C C E S S ------
Petición de acceso: GET /index.html
IP cliente: /127.0.0.1
Fecha y hora de petición: Mon Mar 14 10:41:07 CET 2022
Código de estado: 200
Tamaño: 216 byte(s)
-------------------------

------ A C C E S S ------
Petición de acceso: GET /index.html
IP cliente: /127.0.0.1
Fecha y hora de petición: Mon Mar 14 10:41:07 CET 2022
Código de estado: 200
Tamaño: 216 byte(s)
-------------------------

------ A C C E S S ------
Petición de acceso: GET /fic.png
IP cliente: /127.0.0.1
Fecha y hora de petición: Mon Mar 14 10:41:07 CET 2022
Código de estado: 200
Tamaño: 13320 byte(s)
-------------------------

------ A C C E S S ------
Petición de acceso: GET /LICENSE.txt
IP cliente: /127.0.0.1
Fecha y hora de petición: Mon Mar 14 10:41:07 CET 2022
Código de estado: 200
Tamaño: 579 byte(s)
-------------------------

------ A C C E S S ------
Petición de acceso: HEAD /index.html
IP cliente: /127.0.0.1
Fecha y hora de petición: Mon Mar 14 10:41:07 CET 2022
Código de estado: 200
Tamaño: 216 byte(s)
-------------------------

------ A C C E S S ------
Petición de acceso: HEAD /udc.gif
IP cliente: /127.0.0.1
Fecha y hora de petición: Mon Mar 14 10:41:07 CET 2022
Código de estado: 200
Tamaño: 4250 byte(s)
-------------------------

------ A C C E S S ------
Petición de acceso: GET /index.html
IP cliente: /127.0.0.1
Fecha y hora de petición: Mon Mar 14 10:41:07 CET 2022
Código de estado: 200
Tamaño: 216 byte(s)
-------------------------

------ A C C E S S ------
Petición de acceso:  /index.html
IP cliente: /127.0.0.1
Fecha y hora de petición: Mon Mar 14 10:41:07 CET 2022
Código de estado: 304
Tamaño: 104 byte(s)
-------------------------

------ A C C E S S ------
Petición de acceso: GET /index.html
IP cliente: /127.0.0.1
Fecha y hora de petición: Mon Mar 14 12:05:57 CET 2022
Código de estado: 200
Tamaño: 216 byte(s)
-------------------------

------ A C C E S S ------
Petición de acceso: GET /index.html
IP cliente: /127.0.0.1
Fecha y hora de petición: Mon Mar 14 12:05:57 CET 2022
Código de estado: 200
Tamaño: 216 byte(s)
-------------------------

------ A C C E S S ------
Petición de acceso: GET /fic.png
IP cliente: /127.0.0.1
Fecha y hora de petición: Mon Mar 14 12:05:57 CET 2022
Código de estado: 200
Tamaño: 13320 byte(s)
-------------------------

------ A C C E S S ------
Petición de acceso: GET /LICENSE.txt
IP cliente: /127.0.0.1
Fecha y hora de petición: Mon Mar 14 12:05:57 CET 2022
Código de estado: 200
Tamaño: 579 byte(s)
-------------------------

------ A C C E S S ------
Petición de acceso: HEAD /index.html
IP cliente: /127.0.0.1
Fecha y hora de petición: Mon Mar 14 12:05:57 CET 2022
Código de estado: 200
Tamaño: 216 byte(s)
-------------------------

------ A C C E S S ------
Petición de acceso: HEAD /udc.gif
IP cliente: /127.0.0.1
Fecha y hora de petición: Mon Mar 14 12:05:57 CET 2022
Código de estado: 200
Tamaño: 4250 byte(s)
-------------------------

------ A C C E S S ------
Petición de acceso: GET /index.html
IP cliente: /127.0.0.1
Fecha y hora de petición: Mon Mar 14 12:05:57 CET 2022
Código de estado: 200
Tamaño: 216 byte(s)
-------------------------

------ A C C E S S ------
Petición de acceso:  /index.html
IP cliente: /127.0.0.1
Fecha y hora de petición: Mon Mar 14 12:05:57 CET 2022
Código de estado: 304
Tamaño: 104 byte(s)
-------------------------

------ A C C E S S ------
Petición de acceso: HEAD /index.html
IP cliente: /127.0.0.1
Fecha y hora de petición: Mon Mar 14 12:06:29 CET 2022
Código de estado: 200
Tamaño: 216 byte(s)
-------------------------

------ A C C E S S ------
Petición de acceso: HEAD /index.html
IP cliente: /127.0.0.1
Fecha y hora de petición: Mon Mar 14 12:08:36 CET 2022
Código de estado: 200
Tamaño: 216 byte(s)
-------------------------

------ A C C E S S ------
Petición de acceso: GET /index.html
IP cliente: /127.0.0.1
Fecha y hora de petición: Mon Mar 14 12:09:00 CET 2022
Código de estado: 200
Tamaño: 216 byte(s)
-------------------------

------ A C C E S S ------
Petición de acceso: GET /index.html
IP cliente: /127.0.0.1
Fecha y hora de petición: Mon Mar 14 12:10:09 CET 2022
Código de estado: 200
Tamaño: 216 byte(s)
-------------------------

------ A C C E S S ------
Petición de acceso: GET /index.html
IP cliente: /127.0.0.1
Fecha y hora de petición: Mon Mar 14 12:10:09 CET 2022
Código de estado: 200
Tamaño: 216 byte(s)
-------------------------

------ A C C E S S ------
Petición de acceso: GET /fic.png
IP cliente: /127.0.0.1
Fecha y hora de petición: Mon Mar 14 12:10:09 CET 2022
Código de estado: 200
Tamaño: 13320 byte(s)
-------------------------

------ A C C E S S ------
Petición de acceso: GET /LICENSE.txt
IP cliente: /127.0.0.1
Fecha y hora de petición: Mon Mar 14 12:10:09 CET 2022
Código de estado: 200
Tamaño: 579 byte(s)
-------------------------

------ A C C E S S ------
Petición de acceso: HEAD /index.html
IP cliente: /127.0.0.1
Fecha y hora de petición: Mon Mar 14 12:10:09 CET 2022
Código de estado: 200
Tamaño: 216 byte(s)
-------------------------

------ A C C E S S ------
Petición de acceso: HEAD /udc.gif
IP cliente: /127.0.0.1
Fecha y hora de petición: Mon Mar 14 12:10:09 CET 2022
Código de estado: 200
Tamaño: 4250 byte(s)
-------------------------

------ A C C E S S ------
Petición de acceso: GET /index.html
IP cliente: /127.0.0.1
Fecha y hora de petición: Mon Mar 14 12:10:09 CET 2022
Código de estado: 200
Tamaño: 216 byte(s)
-------------------------

------ A C C E S S ------
Petición de acceso:  /index.html
IP cliente: /127.0.0.1
Fecha y hora de petición: Mon Mar 14 12:10:09 CET 2022
Código de estado: 304
Tamaño: 104 byte(s)
-------------------------

------ A C C E S S ------
Petición de acceso: HEAD /index.html
IP cliente: /127.0.0.1
Fecha y hora de petición: Mon Mar 14 12:10:23 CET 2022
Código de estado: 200
Tamaño: 216 byte(s)
-------------------------

------ A C C E S S ------
Petición de acceso: GET /index.html
IP cliente: /127.0.0.1
Fecha y hora de petición: Mon Mar 14 12:13:17 CET 2022
Código de estado: 200
Tamaño: 216 byte(s)
-------------------------

------ A C C E S S ------
Petición de acceso: GET /index.html
IP cliente: /127.0.0.1
Fecha y hora de petición: Mon Mar 14 12:13:18 CET 2022
Código de estado: 200
Tamaño: 216 byte(s)
-------------------------

------ A C C E S S ------
Petición de acceso: GET /fic.png
IP cliente: /127.0.0.1
Fecha y hora de petición: Mon Mar 14 12:13:18 CET 2022
Código de estado: 200
Tamaño: 13320 byte(s)
-------------------------

------ A C C E S S ------
Petición de acceso: GET /LICENSE.txt
IP cliente: /127.0.0.1
Fecha y hora de petición: Mon Mar 14 12:13:18 CET 2022
Código de estado: 200
Tamaño: 579 byte(s)
-------------------------

------ A C C E S S ------
Petición de acceso: HEAD /index.html
IP cliente: /127.0.0.1
Fecha y hora de petición: Mon Mar 14 12:13:18 CET 2022
Código de estado: 200
Tamaño: 216 byte(s)
-------------------------

------ A C C E S S ------
Petición de acceso: HEAD /udc.gif
IP cliente: /127.0.0.1
Fecha y hora de petición: Mon Mar 14 12:13:18 CET 2022
Código de estado: 200
Tamaño: 4250 byte(s)
-------------------------

------ A C C E S S ------
Petición de acceso: GET /index.html
IP cliente: /127.0.0.1
Fecha y hora de petición: Mon Mar 14 12:13:18 CET 2022
Código de estado: 200
Tamaño: 216 byte(s)
-------------------------

------ A C C E S S ------
Petición de acceso: HEAD /index.html
IP cliente: /127.0.0.1
Fecha y hora de petición: Mon Mar 14 12:13:30 CET 2022
Código de estado: 200
Tamaño: 216 byte(s)
-------------------------

------ A C C E S S ------
Petición de acceso: HEAD /access.log
IP cliente: /127.0.0.1
Fecha y hora de petición: Mon Mar 14 12:13:48 CET 2022
Código de estado: 200
Tamaño: 21910 byte(s)
-------------------------

------ A C C E S S ------
Petición de acceso: GET /index.html
IP cliente: /127.0.0.1
Fecha y hora de petición: Mon Mar 14 12:16:48 CET 2022
Código de estado: 200
Tamaño: 216 byte(s)
-------------------------

------ A C C E S S ------
Petición de acceso: GET /index.html
IP cliente: /127.0.0.1
Fecha y hora de petición: Mon Mar 14 12:16:48 CET 2022
Código de estado: 200
Tamaño: 216 byte(s)
-------------------------

------ A C C E S S ------
Petición de acceso: GET /fic.png
IP cliente: /127.0.0.1
Fecha y hora de petición: Mon Mar 14 12:16:48 CET 2022
Código de estado: 200
Tamaño: 13320 byte(s)
-------------------------

------ A C C E S S ------
Petición de acceso: GET /LICENSE.txt
IP cliente: /127.0.0.1
Fecha y hora de petición: Mon Mar 14 12:16:48 CET 2022
Código de estado: 200
Tamaño: 579 byte(s)
-------------------------

------ A C C E S S ------
Petición de acceso: HEAD /index.html
IP cliente: /127.0.0.1
Fecha y hora de petición: Mon Mar 14 12:16:48 CET 2022
Código de estado: 200
Tamaño: 216 byte(s)
-------------------------

------ A C C E S S ------
Petición de acceso: HEAD /udc.gif
IP cliente: /127.0.0.1
Fecha y hora de petición: Mon Mar 14 12:16:48 CET 2022
Código de estado: 200
Tamaño: 4250 byte(s)
-------------------------

------ A C C E S S ------
Petición de acceso: GET /index.html
IP cliente: /127.0.0.1
Fecha y hora de petición: Mon Mar 14 12:16:48 CET 2022
Código de estado: 200
Tamaño: 216 byte(s)
-------------------------

------ A C C E S S ------
Petición de acceso: GET /index.html
IP cliente: /127.0.0.1
Fecha y hora de petición: Mon Mar 14 12:16:52 CET 2022
Código de estado: 200
Tamaño: 216 byte(s)
-------------------------

------ A C C E S S ------
Petición de acceso: GET /index.html
IP cliente: /127.0.0.1
Fecha y hora de petición: Mon Mar 14 12:16:52 CET 2022
Código de estado: 200
Tamaño: 216 byte(s)
-------------------------

------ A C C E S S ------
Petición de acceso: GET /fic.png
IP cliente: /127.0.0.1
Fecha y hora de petición: Mon Mar 14 12:16:52 CET 2022
Código de estado: 200
Tamaño: 13320 byte(s)
-------------------------

------ A C C E S S ------
Petición de acceso: GET /LICENSE.txt
IP cliente: /127.0.0.1
Fecha y hora de petición: Mon Mar 14 12:16:52 CET 2022
Código de estado: 200
Tamaño: 579 byte(s)
-------------------------

------ A C C E S S ------
Petición de acceso: HEAD /index.html
IP cliente: /127.0.0.1
Fecha y hora de petición: Mon Mar 14 12:16:52 CET 2022
Código de estado: 200
Tamaño: 216 byte(s)
-------------------------

------ A C C E S S ------
Petición de acceso: HEAD /udc.gif
IP cliente: /127.0.0.1
Fecha y hora de petición: Mon Mar 14 12:16:52 CET 2022
Código de estado: 200
Tamaño: 4250 byte(s)
-------------------------

------ A C C E S S ------
Petición de acceso: GET /index.html
IP cliente: /127.0.0.1
Fecha y hora de petición: Mon Mar 14 12:16:52 CET 2022
Código de estado: 200
Tamaño: 216 byte(s)
-------------------------

------ A C C E S S ------
Petición de acceso: GET /index.html
IP cliente: /127.0.0.1
Fecha y hora de petición: Mon Mar 14 12:16:53 CET 2022
Código de estado: 200
Tamaño: 216 byte(s)
-------------------------

------ A C C E S S ------
Petición de acceso: GET /index.html
IP cliente: /127.0.0.1
Fecha y hora de petición: Mon Mar 14 12:16:53 CET 2022
Código de estado: 200
Tamaño: 216 byte(s)
-------------------------

------ A C C E S S ------
Petición de acceso: GET /fic.png
IP cliente: /127.0.0.1
Fecha y hora de petición: Mon Mar 14 12:16:53 CET 2022
Código de estado: 200
Tamaño: 13320 byte(s)
-------------------------

------ A C C E S S ------
Petición de acceso: GET /LICENSE.txt
IP cliente: /127.0.0.1
Fecha y hora de petición: Mon Mar 14 12:16:53 CET 2022
Código de estado: 200
Tamaño: 579 byte(s)
-------------------------

------ A C C E S S ------
Petición de acceso: HEAD /index.html
IP cliente: /127.0.0.1
Fecha y hora de petición: Mon Mar 14 12:16:53 CET 2022
Código de estado: 200
Tamaño: 216 byte(s)
-------------------------

------ A C C E S S ------
Petición de acceso: HEAD /udc.gif
IP cliente: /127.0.0.1
Fecha y hora de petición: Mon Mar 14 12:16:53 CET 2022
Código de estado: 200
Tamaño: 4250 byte(s)
-------------------------

------ A C C E S S ------
Petición de acceso: GET /index.html
IP cliente: /127.0.0.1
Fecha y hora de petición: Mon Mar 14 12:16:53 CET 2022
Código de estado: 200
Tamaño: 216 byte(s)
-------------------------

------ A C C E S S ------
Petición de acceso: GET /index.html
IP cliente: /127.0.0.1
Fecha y hora de petición: Mon Mar 14 12:16:54 CET 2022
Código de estado: 200
Tamaño: 216 byte(s)
-------------------------

------ A C C E S S ------
Petición de acceso: GET /index.html
IP cliente: /127.0.0.1
Fecha y hora de petición: Mon Mar 14 12:16:54 CET 2022
Código de estado: 200
Tamaño: 216 byte(s)
-------------------------

------ A C C E S S ------
Petición de acceso: GET /fic.png
IP cliente: /127.0.0.1
Fecha y hora de petición: Mon Mar 14 12:16:55 CET 2022
Código de estado: 200
Tamaño: 13320 byte(s)
-------------------------

------ A C C E S S ------
Petición de acceso: GET /LICENSE.txt
IP cliente: /127.0.0.1
Fecha y hora de petición: Mon Mar 14 12:16:55 CET 2022
Código de estado: 200
Tamaño: 579 byte(s)
-------------------------

------ A C C E S S ------
Petición de acceso: HEAD /index.html
IP cliente: /127.0.0.1
Fecha y hora de petición: Mon Mar 14 12:16:55 CET 2022
Código de estado: 200
Tamaño: 216 byte(s)
-------------------------

------ A C C E S S ------
Petición de acceso: HEAD /udc.gif
IP cliente: /127.0.0.1
Fecha y hora de petición: Mon Mar 14 12:16:55 CET 2022
Código de estado: 200
Tamaño: 4250 byte(s)
-------------------------

------ A C C E S S ------
Petición de acceso: GET /index.html
IP cliente: /127.0.0.1
Fecha y hora de petición: Mon Mar 14 12:16:55 CET 2022
Código de estado: 200
Tamaño: 216 byte(s)
-------------------------

------ A C C E S S ------
Petición de acceso: GET /index.html
IP cliente: /127.0.0.1
Fecha y hora de petición: Mon Mar 14 12:16:56 CET 2022
Código de estado: 200
Tamaño: 216 byte(s)
-------------------------

------ A C C E S S ------
Petición de acceso: GET /index.html
IP cliente: /127.0.0.1
Fecha y hora de petición: Mon Mar 14 12:16:56 CET 2022
Código de estado: 200
Tamaño: 216 byte(s)
-------------------------

------ A C C E S S ------
Petición de acceso: GET /fic.png
IP cliente: /127.0.0.1
Fecha y hora de petición: Mon Mar 14 12:16:56 CET 2022
Código de estado: 200
Tamaño: 13320 byte(s)
-------------------------

------ A C C E S S ------
Petición de acceso: GET /LICENSE.txt
IP cliente: /127.0.0.1
Fecha y hora de petición: Mon Mar 14 12:16:56 CET 2022
Código de estado: 200
Tamaño: 579 byte(s)
-------------------------

------ A C C E S S ------
Petición de acceso: HEAD /index.html
IP cliente: /127.0.0.1
Fecha y hora de petición: Mon Mar 14 12:16:56 CET 2022
Código de estado: 200
Tamaño: 216 byte(s)
-------------------------

------ A C C E S S ------
Petición de acceso: HEAD /udc.gif
IP cliente: /127.0.0.1
Fecha y hora de petición: Mon Mar 14 12:16:56 CET 2022
Código de estado: 200
Tamaño: 4250 byte(s)
-------------------------

------ A C C E S S ------
Petición de acceso: GET /index.html
IP cliente: /127.0.0.1
Fecha y hora de petición: Mon Mar 14 12:16:56 CET 2022
Código de estado: 200
Tamaño: 216 byte(s)
-------------------------

------ A C C E S S ------
Petición de acceso: GET /index.html
IP cliente: /127.0.0.1
Fecha y hora de petición: Mon Mar 14 12:16:57 CET 2022
Código de estado: 200
Tamaño: 216 byte(s)
-------------------------

------ A C C E S S ------
Petición de acceso: GET /index.html
IP cliente: /127.0.0.1
Fecha y hora de petición: Mon Mar 14 12:16:57 CET 2022
Código de estado: 200
Tamaño: 216 byte(s)
-------------------------

------ A C C E S S ------
Petición de acceso: GET /fic.png
IP cliente: /127.0.0.1
Fecha y hora de petición: Mon Mar 14 12:16:57 CET 2022
Código de estado: 200
Tamaño: 13320 byte(s)
-------------------------

------ A C C E S S ------
Petición de acceso: GET /LICENSE.txt
IP cliente: /127.0.0.1
Fecha y hora de petición: Mon Mar 14 12:16:57 CET 2022
Código de estado: 200
Tamaño: 579 byte(s)
-------------------------

------ A C C E S S ------
Petición de acceso: HEAD /index.html
IP cliente: /127.0.0.1
Fecha y hora de petición: Mon Mar 14 12:16:57 CET 2022
Código de estado: 200
Tamaño: 216 byte(s)
-------------------------

------ A C C E S S ------
Petición de acceso: HEAD /udc.gif
IP cliente: /127.0.0.1
Fecha y hora de petición: Mon Mar 14 12:16:57 CET 2022
Código de estado: 200
Tamaño: 4250 byte(s)
-------------------------

------ A C C E S S ------
Petición de acceso: GET /index.html
IP cliente: /127.0.0.1
Fecha y hora de petición: Mon Mar 14 12:16:57 CET 2022
Código de estado: 200
Tamaño: 216 byte(s)
-------------------------

------ A C C E S S ------
Petición de acceso: GET /index.html
IP cliente: /127.0.0.1
Fecha y hora de petición: Mon Mar 14 12:16:57 CET 2022
Código de estado: 200
Tamaño: 216 byte(s)
-------------------------

------ A C C E S S ------
Petición de acceso: GET /index.html
IP cliente: /127.0.0.1
Fecha y hora de petición: Mon Mar 14 12:16:57 CET 2022
Código de estado: 200
Tamaño: 216 byte(s)
-------------------------

------ A C C E S S ------
Petición de acceso: GET /fic.png
IP cliente: /127.0.0.1
Fecha y hora de petición: Mon Mar 14 12:16:57 CET 2022
Código de estado: 200
Tamaño: 13320 byte(s)
-------------------------

------ A C C E S S ------
Petición de acceso: GET /LICENSE.txt
IP cliente: /127.0.0.1
Fecha y hora de petición: Mon Mar 14 12:16:57 CET 2022
Código de estado: 200
Tamaño: 579 byte(s)
-------------------------

------ A C C E S S ------
Petición de acceso: HEAD /index.html
IP cliente: /127.0.0.1
Fecha y hora de petición: Mon Mar 14 12:16:57 CET 2022
Código de estado: 200
Tamaño: 216 byte(s)
-------------------------

------ A C C E S S ------
Petición de acceso: HEAD /udc.gif
IP cliente: /127.0.0.1
Fecha y hora de petición: Mon Mar 14 12:16:57 CET 2022
Código de estado: 200
Tamaño: 4250 byte(s)
-------------------------

------ A C C E S S ------
Petición de acceso: GET /index.html
IP cliente: /127.0.0.1
Fecha y hora de petición: Mon Mar 14 12:16:57 CET 2022
Código de estado: 200
Tamaño: 216 byte(s)
-------------------------

------ A C C E S S ------
Petición de acceso: HEAD /index.html
IP cliente: /127.0.0.1
Fecha y hora de petición: Mon Mar 14 12:18:47 CET 2022
Código de estado: 200
Tamaño: 216 byte(s)
-------------------------

------ A C C E S S ------
Petición de acceso: GET /index.html
IP cliente: /127.0.0.1
Fecha y hora de petición: Mon Mar 14 12:19:47 CET 2022
Código de estado: 200
Tamaño: 216 byte(s)
-------------------------

------ A C C E S S ------
Petición de acceso: GET /index.html
IP cliente: /127.0.0.1
Fecha y hora de petición: Mon Mar 14 12:19:47 CET 2022
Código de estado: 200
Tamaño: 216 byte(s)
-------------------------

------ A C C E S S ------
Petición de acceso: GET /fic.png
IP cliente: /127.0.0.1
Fecha y hora de petición: Mon Mar 14 12:19:47 CET 2022
Código de estado: 200
Tamaño: 13320 byte(s)
-------------------------

------ A C C E S S ------
Petición de acceso: GET /LICENSE.txt
IP cliente: /127.0.0.1
Fecha y hora de petición: Mon Mar 14 12:19:47 CET 2022
Código de estado: 200
Tamaño: 579 byte(s)
-------------------------

------ A C C E S S ------
Petición de acceso: HEAD /index.html
IP cliente: /127.0.0.1
Fecha y hora de petición: Mon Mar 14 12:19:47 CET 2022
Código de estado: 200
Tamaño: 216 byte(s)
-------------------------

------ A C C E S S ------
Petición de acceso: HEAD /udc.gif
IP cliente: /127.0.0.1
Fecha y hora de petición: Mon Mar 14 12:19:47 CET 2022
Código de estado: 200
Tamaño: 4250 byte(s)
-------------------------

------ A C C E S S ------
Petición de acceso: GET /index.html
IP cliente: /127.0.0.1
Fecha y hora de petición: Mon Mar 14 12:19:47 CET 2022
Código de estado: 200
Tamaño: 216 byte(s)
-------------------------

------ A C C E S S ------
Petición de acceso:  /index.html
IP cliente: /127.0.0.1
Fecha y hora de petición: Mon Mar 14 12:19:47 CET 2022
Código de estado: 304
Tamaño: 104 byte(s)
-------------------------

------ A C C E S S ------
Petición de acceso: HEAD /index.html
IP cliente: /127.0.0.1
Fecha y hora de petición: Mon Mar 14 12:19:57 CET 2022
Código de estado: 200
Tamaño: 216 byte(s)
-------------------------

------ A C C E S S ------
Petición de acceso:  /index.html
IP cliente: /127.0.0.1
Fecha y hora de petición: Mon Mar 14 12:20:46 CET 2022
Código de estado: 304
Tamaño: 104 byte(s)
-------------------------

------ A C C E S S ------
Petición de acceso: GET /index.html
IP cliente: /127.0.0.1
Fecha y hora de petición: Mon Mar 14 12:21:01 CET 2022
Código de estado: 200
Tamaño: 216 byte(s)
-------------------------

------ A C C E S S ------
Petición de acceso:  /index.html
IP cliente: /127.0.0.1
Fecha y hora de petición: Mon Mar 14 12:21:08 CET 2022
Código de estado: 304
Tamaño: 104 byte(s)
-------------------------

------ A C C E S S ------
Petición de acceso: GET /index.html
IP cliente: /127.0.0.1
Fecha y hora de petición: Mon Mar 14 12:21:11 CET 2022
Código de estado: 200
Tamaño: 216 byte(s)
-------------------------

------ A C C E S S ------
Petición de acceso: GET /index.html
IP cliente: /127.0.0.1
Fecha y hora de petición: Mon Mar 14 12:21:27 CET 2022
Código de estado: 200
Tamaño: 216 byte(s)
-------------------------

------ A C C E S S ------
Petición de acceso: GET /index.html
IP cliente: /127.0.0.1
Fecha y hora de petición: Mon Mar 14 12:21:27 CET 2022
Código de estado: 200
Tamaño: 216 byte(s)
-------------------------

------ A C C E S S ------
Petición de acceso: GET /fic.png
IP cliente: /127.0.0.1
Fecha y hora de petición: Mon Mar 14 12:21:27 CET 2022
Código de estado: 200
Tamaño: 13320 byte(s)
-------------------------

------ A C C E S S ------
Petición de acceso: GET /LICENSE.txt
IP cliente: /127.0.0.1
Fecha y hora de petición: Mon Mar 14 12:21:27 CET 2022
Código de estado: 200
Tamaño: 579 byte(s)
-------------------------

------ A C C E S S ------
Petición de acceso: HEAD /index.html
IP cliente: /127.0.0.1
Fecha y hora de petición: Mon Mar 14 12:21:27 CET 2022
Código de estado: 200
Tamaño: 216 byte(s)
-------------------------

------ A C C E S S ------
Petición de acceso: HEAD /udc.gif
IP cliente: /127.0.0.1
Fecha y hora de petición: Mon Mar 14 12:21:27 CET 2022
Código de estado: 200
Tamaño: 4250 byte(s)
-------------------------

------ A C C E S S ------
Petición de acceso: GET /index.html
IP cliente: /127.0.0.1
Fecha y hora de petición: Mon Mar 14 12:21:27 CET 2022
Código de estado: 200
Tamaño: 216 byte(s)
-------------------------

------ A C C E S S ------
Petición de acceso:  /index.html
IP cliente: /127.0.0.1
Fecha y hora de petición: Mon Mar 14 12:21:31 CET 2022
Código de estado: 304
Tamaño: 104 byte(s)
-------------------------

------ A C C E S S ------
Petición de acceso: GET /index.html
IP cliente: /127.0.0.1
Fecha y hora de petición: Mon Mar 14 12:21:33 CET 2022
Código de estado: 200
Tamaño: 216 byte(s)
-------------------------

------ A C C E S S ------
Petición de acceso:  /index.html
IP cliente: /127.0.0.1
Fecha y hora de petición: Mon Mar 14 12:21:40 CET 2022
Código de estado: 304
Tamaño: 104 byte(s)
-------------------------

------ A C C E S S ------
Petición de acceso: GET /index.html
IP cliente: /127.0.0.1
Fecha y hora de petición: Mon Mar 14 12:21:43 CET 2022
Código de estado: 200
Tamaño: 216 byte(s)
-------------------------

------ A C C E S S ------
Petición de acceso:  /index.html
IP cliente: /127.0.0.1
Fecha y hora de petición: Mon Mar 14 12:21:44 CET 2022
Código de estado: 304
Tamaño: 104 byte(s)
-------------------------

------ A C C E S S ------
Petición de acceso: GET /index.html
IP cliente: /127.0.0.1
Fecha y hora de petición: Mon Mar 14 12:21:48 CET 2022
Código de estado: 200
Tamaño: 216 byte(s)
-------------------------

------ A C C E S S ------
Petición de acceso:  /index.html
IP cliente: /127.0.0.1
Fecha y hora de petición: Mon Mar 14 12:21:51 CET 2022
Código de estado: 304
Tamaño: 104 byte(s)
-------------------------

------ A C C E S S ------
Petición de acceso: GET /index.html
IP cliente: /127.0.0.1
Fecha y hora de petición: Mon Mar 14 12:22:53 CET 2022
Código de estado: 200
Tamaño: 216 byte(s)
-------------------------

------ A C C E S S ------
Petición de acceso: GET /index.html
IP cliente: /127.0.0.1
Fecha y hora de petición: Mon Mar 14 12:22:53 CET 2022
Código de estado: 200
Tamaño: 216 byte(s)
-------------------------

------ A C C E S S ------
Petición de acceso: GET /fic.png
IP cliente: /127.0.0.1
Fecha y hora de petición: Mon Mar 14 12:22:53 CET 2022
Código de estado: 200
Tamaño: 13320 byte(s)
-------------------------

------ A C C E S S ------
Petición de acceso: GET /LICENSE.txt
IP cliente: /127.0.0.1
Fecha y hora de petición: Mon Mar 14 12:22:53 CET 2022
Código de estado: 200
Tamaño: 579 byte(s)
-------------------------

------ A C C E S S ------
Petición de acceso: HEAD /index.html
IP cliente: /127.0.0.1
Fecha y hora de petición: Mon Mar 14 12:22:53 CET 2022
Código de estado: 200
Tamaño: 216 byte(s)
-------------------------

------ A C C E S S ------
Petición de acceso: HEAD /udc.gif
IP cliente: /127.0.0.1
Fecha y hora de petición: Mon Mar 14 12:22:53 CET 2022
Código de estado: 200
Tamaño: 4250 byte(s)
-------------------------

------ A C C E S S ------
Petición de acceso: GET /index.html
IP cliente: /127.0.0.1
Fecha y hora de petición: Mon Mar 14 12:22:53 CET 2022
Código de estado: 200
Tamaño: 216 byte(s)
-------------------------

------ A C C E S S ------
Petición de acceso: GET /index.html
IP cliente: /127.0.0.1
Fecha y hora de petición: Mon Mar 14 12:23:34 CET 2022
Código de estado: 200
Tamaño: 216 byte(s)
-------------------------

------ A C C E S S ------
Petición de acceso: GET /index.html
IP cliente: /127.0.0.1
Fecha y hora de petición: Mon Mar 14 12:23:34 CET 2022
Código de estado: 200
Tamaño: 216 byte(s)
-------------------------

------ A C C E S S ------
Petición de acceso: GET /fic.png
IP cliente: /127.0.0.1
Fecha y hora de petición: Mon Mar 14 12:23:34 CET 2022
Código de estado: 200
Tamaño: 13320 byte(s)
-------------------------

------ A C C E S S ------
Petición de acceso: GET /LICENSE.txt
IP cliente: /127.0.0.1
Fecha y hora de petición: Mon Mar 14 12:23:34 CET 2022
Código de estado: 200
Tamaño: 579 byte(s)
-------------------------

------ A C C E S S ------
Petición de acceso: HEAD /index.html
IP cliente: /127.0.0.1
Fecha y hora de petición: Mon Mar 14 12:23:34 CET 2022
Código de estado: 200
Tamaño: 216 byte(s)
-------------------------

------ A C C E S S ------
Petición de acceso: HEAD /udc.gif
IP cliente: /127.0.0.1
Fecha y hora de petición: Mon Mar 14 12:23:34 CET 2022
Código de estado: 200
Tamaño: 4250 byte(s)
-------------------------

------ A C C E S S ------
Petición de acceso: GET /index.html
IP cliente: /127.0.0.1
Fecha y hora de petición: Mon Mar 14 12:23:34 CET 2022
Código de estado: 200
Tamaño: 216 byte(s)
-------------------------

------ A C C E S S ------
Petición de acceso: GET /index.html
IP cliente: /127.0.0.1
Fecha y hora de petición: Mon Mar 14 17:42:31 CET 2022
Código de estado: 200
Tamaño: 216 byte(s)
-------------------------

------ A C C E S S ------
Petición de acceso: GET /index.html
IP cliente: /127.0.0.1
Fecha y hora de petición: Mon Mar 14 17:42:31 CET 2022
Código de estado: 200
Tamaño: 216 byte(s)
-------------------------

------ A C C E S S ------
Petición de acceso: GET /fic.png
IP cliente: /127.0.0.1
Fecha y hora de petición: Mon Mar 14 17:42:31 CET 2022
Código de estado: 200
Tamaño: 13320 byte(s)
-------------------------

------ A C C E S S ------
Petición de acceso: GET /LICENSE.txt
IP cliente: /127.0.0.1
Fecha y hora de petición: Mon Mar 14 17:42:31 CET 2022
Código de estado: 200
Tamaño: 579 byte(s)
-------------------------

------ A C C E S S ------
Petición de acceso: HEAD /index.html
IP cliente: /127.0.0.1
Fecha y hora de petición: Mon Mar 14 17:42:31 CET 2022
Código de estado: 200
Tamaño: 216 byte(s)
-------------------------

------ A C C E S S ------
Petición de acceso: HEAD /udc.gif
IP cliente: /127.0.0.1
Fecha y hora de petición: Mon Mar 14 17:42:31 CET 2022
Código de estado: 200
Tamaño: 4250 byte(s)
-------------------------

------ A C C E S S ------
Petición de acceso: GET /index.html
IP cliente: /127.0.0.1
Fecha y hora de petición: Mon Mar 14 17:42:31 CET 2022
Código de estado: 200
Tamaño: 216 byte(s)
-------------------------

------ A C C E S S ------
Petición de acceso: GET /index.html
IP cliente: /127.0.0.1
Fecha y hora de petición: Mon Mar 14 17:43:52 CET 2022
Código de estado: 200
Tamaño: 216 byte(s)
-------------------------

------ A C C E S S ------
Petición de acceso: GET /index.html
IP cliente: /127.0.0.1
Fecha y hora de petición: Mon Mar 14 17:43:52 CET 2022
Código de estado: 200
Tamaño: 216 byte(s)
-------------------------

------ A C C E S S ------
Petición de acceso: GET /fic.png
IP cliente: /127.0.0.1
Fecha y hora de petición: Mon Mar 14 17:43:52 CET 2022
Código de estado: 200
Tamaño: 13320 byte(s)
-------------------------

------ A C C E S S ------
Petición de acceso: GET /LICENSE.txt
IP cliente: /127.0.0.1
Fecha y hora de petición: Mon Mar 14 17:43:52 CET 2022
Código de estado: 200
Tamaño: 579 byte(s)
-------------------------

------ A C C E S S ------
Petición de acceso: HEAD /index.html
IP cliente: /127.0.0.1
Fecha y hora de petición: Mon Mar 14 17:43:52 CET 2022
Código de estado: 200
Tamaño: 216 byte(s)
-------------------------

------ A C C E S S ------
Petición de acceso: HEAD /udc.gif
IP cliente: /127.0.0.1
Fecha y hora de petición: Mon Mar 14 17:43:52 CET 2022
Código de estado: 200
Tamaño: 4250 byte(s)
-------------------------

------ A C C E S S ------
Petición de acceso: GET /index.html
IP cliente: /127.0.0.1
Fecha y hora de petición: Mon Mar 14 17:43:52 CET 2022
Código de estado: 200
Tamaño: 216 byte(s)
-------------------------

------ A C C E S S ------
Petición de acceso: GET /index.html
IP cliente: /127.0.0.1
Fecha y hora de petición: Mon Mar 14 17:43:59 CET 2022
Código de estado: 200
Tamaño: 216 byte(s)
-------------------------

------ A C C E S S ------
Petición de acceso: GET /index.html
IP cliente: /127.0.0.1
Fecha y hora de petición: Mon Mar 14 17:43:59 CET 2022
Código de estado: 200
Tamaño: 216 byte(s)
-------------------------

------ A C C E S S ------
Petición de acceso: GET /fic.png
IP cliente: /127.0.0.1
Fecha y hora de petición: Mon Mar 14 17:43:59 CET 2022
Código de estado: 200
Tamaño: 13320 byte(s)
-------------------------

------ A C C E S S ------
Petición de acceso: GET /LICENSE.txt
IP cliente: /127.0.0.1
Fecha y hora de petición: Mon Mar 14 17:43:59 CET 2022
Código de estado: 200
Tamaño: 579 byte(s)
-------------------------

------ A C C E S S ------
Petición de acceso: HEAD /index.html
IP cliente: /127.0.0.1
Fecha y hora de petición: Mon Mar 14 17:43:59 CET 2022
Código de estado: 200
Tamaño: 216 byte(s)
-------------------------

------ A C C E S S ------
Petición de acceso: HEAD /udc.gif
IP cliente: /127.0.0.1
Fecha y hora de petición: Mon Mar 14 17:43:59 CET 2022
Código de estado: 200
Tamaño: 4250 byte(s)
-------------------------

------ A C C E S S ------
Petición de acceso: GET /index.html
IP cliente: /127.0.0.1
Fecha y hora de petición: Mon Mar 14 17:43:59 CET 2022
Código de estado: 200
Tamaño: 216 byte(s)
-------------------------

------ A C C E S S ------
Petición de acceso: GET /index.html
IP cliente: /127.0.0.1
Fecha y hora de petición: Mon Mar 14 17:45:30 CET 2022
Código de estado: 200
Tamaño: 216 byte(s)
-------------------------

------ A C C E S S ------
Petición de acceso: GET /index.html
IP cliente: /127.0.0.1
Fecha y hora de petición: Mon Mar 14 17:45:30 CET 2022
Código de estado: 200
Tamaño: 216 byte(s)
-------------------------

------ A C C E S S ------
Petición de acceso: GET /fic.png
IP cliente: /127.0.0.1
Fecha y hora de petición: Mon Mar 14 17:45:30 CET 2022
Código de estado: 200
Tamaño: 13320 byte(s)
-------------------------

------ A C C E S S ------
Petición de acceso: GET /LICENSE.txt
IP cliente: /127.0.0.1
Fecha y hora de petición: Mon Mar 14 17:45:30 CET 2022
Código de estado: 200
Tamaño: 579 byte(s)
-------------------------

------ A C C E S S ------
Petición de acceso: HEAD /index.html
IP cliente: /127.0.0.1
Fecha y hora de petición: Mon Mar 14 17:45:30 CET 2022
Código de estado: 200
Tamaño: 216 byte(s)
-------------------------

------ A C C E S S ------
Petición de acceso: HEAD /udc.gif
IP cliente: /127.0.0.1
Fecha y hora de petición: Mon Mar 14 17:45:30 CET 2022
Código de estado: 200
Tamaño: 4250 byte(s)
-------------------------

------ A C C E S S ------
Petición de acceso: GET /index.html
IP cliente: /127.0.0.1
Fecha y hora de petición: Mon Mar 14 17:45:30 CET 2022
Código de estado: 200
Tamaño: 216 byte(s)
-------------------------

------ A C C E S S ------
Petición de acceso: GET /index.html
IP cliente: /127.0.0.1
Fecha y hora de petición: Mon Mar 14 17:46:06 CET 2022
Código de estado: 200
Tamaño: 216 byte(s)
-------------------------

------ A C C E S S ------
Petición de acceso: GET /index.html
IP cliente: /127.0.0.1
Fecha y hora de petición: Mon Mar 14 17:46:06 CET 2022
Código de estado: 200
Tamaño: 216 byte(s)
-------------------------

------ A C C E S S ------
Petición de acceso: GET /fic.png
IP cliente: /127.0.0.1
Fecha y hora de petición: Mon Mar 14 17:46:06 CET 2022
Código de estado: 200
Tamaño: 13320 byte(s)
-------------------------

------ A C C E S S ------
Petición de acceso: GET /LICENSE.txt
IP cliente: /127.0.0.1
Fecha y hora de petición: Mon Mar 14 17:46:06 CET 2022
Código de estado: 200
Tamaño: 579 byte(s)
-------------------------

------ A C C E S S ------
Petición de acceso: HEAD /index.html
IP cliente: /127.0.0.1
Fecha y hora de petición: Mon Mar 14 17:46:06 CET 2022
Código de estado: 200
Tamaño: 216 byte(s)
-------------------------

------ A C C E S S ------
Petición de acceso: HEAD /udc.gif
IP cliente: /127.0.0.1
Fecha y hora de petición: Mon Mar 14 17:46:06 CET 2022
Código de estado: 200
Tamaño: 4250 byte(s)
-------------------------

------ A C C E S S ------
Petición de acceso: GET /index.html
IP cliente: /127.0.0.1
Fecha y hora de petición: Mon Mar 14 17:46:06 CET 2022
Código de estado: 200
Tamaño: 216 byte(s)
-------------------------

------ A C C E S S ------
Petición de acceso:  /index.html
IP cliente: /127.0.0.1
Fecha y hora de petición: Mon Mar 14 17:46:06 CET 2022
Código de estado: 304
Tamaño: 104 byte(s)
-------------------------

------ A C C E S S ------
Petición de acceso: GET /index.html
IP cliente: /127.0.0.1
Fecha y hora de petición: Mon Mar 14 17:55:57 CET 2022
Código de estado: 200
Tamaño: 216 byte(s)
-------------------------

------ A C C E S S ------
Petición de acceso: GET /index.html
IP cliente: /127.0.0.1
Fecha y hora de petición: Mon Mar 14 17:55:57 CET 2022
Código de estado: 200
Tamaño: 216 byte(s)
-------------------------

------ A C C E S S ------
Petición de acceso: GET /fic.png
IP cliente: /127.0.0.1
Fecha y hora de petición: Mon Mar 14 17:55:57 CET 2022
Código de estado: 200
Tamaño: 13320 byte(s)
-------------------------

------ A C C E S S ------
Petición de acceso: GET /LICENSE.txt
IP cliente: /127.0.0.1
Fecha y hora de petición: Mon Mar 14 17:55:57 CET 2022
Código de estado: 200
Tamaño: 579 byte(s)
-------------------------

------ A C C E S S ------
Petición de acceso: HEAD /index.html
IP cliente: /127.0.0.1
Fecha y hora de petición: Mon Mar 14 17:55:57 CET 2022
Código de estado: 200
Tamaño: 216 byte(s)
-------------------------

------ A C C E S S ------
Petición de acceso: HEAD /udc.gif
IP cliente: /127.0.0.1
Fecha y hora de petición: Mon Mar 14 17:55:57 CET 2022
Código de estado: 200
Tamaño: 4250 byte(s)
-------------------------

------ A C C E S S ------
Petición de acceso: GET /index.html
IP cliente: /127.0.0.1
Fecha y hora de petición: Mon Mar 14 17:55:57 CET 2022
Código de estado: 200
Tamaño: 216 byte(s)
-------------------------

------ A C C E S S ------
Petición de acceso:  /index.html
IP cliente: /127.0.0.1
Fecha y hora de petición: Mon Mar 14 17:55:57 CET 2022
Código de estado: 304
Tamaño: 104 byte(s)
-------------------------

------ A C C E S S ------
Petición de acceso: HEAD /index.html
IP cliente: /127.0.0.1
Fecha y hora de petición: Mon Mar 14 17:56:14 CET 2022
Código de estado: 200
Tamaño: 216 byte(s)
-------------------------

